{"message":{"email":"admin@gafio.com","type":"login","date":"dia 07 de dezembro às 20:24h"},"level":"info"}
{"message":{"email":"admin@gafio.com","type":"login","date":"dia 07 de dezembro às 21:10h"},"level":"info"}
{"message":{"email":"admin@gafio.com","type":"login","date":"dia 08 de dezembro às 10:16h"},"level":"info"}
{"message":{"email":"admin@gafio.com","type":"login","date":"dia 13 de dezembro às 8:23h"},"level":"info"}
{"message":{"email":"admin@gafio.com","type":"login","date":"dia 13 de dezembro às 11:02h"},"level":"info"}
{"message":{"email":"admin@gafio.com","type":"login","date":"dia 16 de dezembro às 7:51h"},"level":"info"}
{"message":{"email":"admin@gafio.com","type":"login","date":"dia 18 de dezembro às 18:05h"},"level":"info"}
{"message":{"email":"admin@gafio.com","type":"login","date":"dia 21 de dezembro às 11:25h"},"level":"info"}
{"message":{"email":"admin@gafio.com","type":"login","date":"dia 29 de dezembro às 15:43h"},"level":"info"}
{"message":{"email":"admin@gafio.com","type":"login","date":"dia 25 de janeiro às 8:22h"},"level":"info"}
{"message":{"email":"admin@gafio.com","type":"login","date":"dia 26 de janeiro às 17:42h"},"level":"info"}
{"message":{"email":"admin@gafio.com","type":"login","date":"dia 29 de janeiro às 14:50h"},"level":"info"}
{"message":{"email":"admin@gafio.com","type":"login","date":"dia 25 de fevereiro às 17:21h"},"level":"info"}
{"message":{"email":"gabriel1@gafio.com","type":"login","date":"dia 25 de fevereiro às 17:22h"},"level":"info"}
{"message":{"email":"admin@gafio.com","type":"login","date":"dia 27 de maio às 8:12h"},"level":"info"}
{"message":{"email":"admin@gafio.com","type":"login","date":"dia 27 de maio às 9:11h"},"level":"info"}
{"message":{"email":"admin@gafio.com","type":"login","date":"dia 27 de maio às 9:26h"},"level":"info"}
{"message":{"email":"admin@gafio.com","type":"login","date":"dia 27 de maio às 9:34h"},"level":"info"}
{"message":{"email":"admin@gafio.com","type":"login","date":"dia 27 de maio às 9:36h"},"level":"info"}
{"message":{"email":"admin@gafio.com","type":"login","date":"dia 27 de maio às 9:37h"},"level":"info"}
{"message":{"email":"admin@gafio.com","type":"login","date":"dia 27 de maio às 9:41h"},"level":"info"}
{"message":{"email":"admin@gafio.com","type":"login","date":"dia 27 de maio às 9:46h"},"level":"info"}
{"message":{"email":"admin@gafio.com","type":"login","date":"dia 27 de maio às 9:47h"},"level":"info"}
{"message":{"email":"admin@gafio.com","type":"login","date":"dia 27 de maio às 9:48h"},"level":"info"}
{"message":{"email":"admin@gafio.com","type":"login","date":"dia 27 de maio às 9:50h"},"level":"info"}
{"message":{"email":"admin@gafio.com","type":"login","date":"dia 27 de maio às 9:50h"},"level":"info"}
{"message":{"email":"admin@gafio.com","type":"login","date":"dia 27 de maio às 9:51h"},"level":"info"}
{"message":{"email":"admin@gafio.com","type":"login","date":"dia 27 de maio às 10:06h"},"level":"info"}
{"message":{"email":"admin@gafio.com","type":"login","date":"dia 27 de maio às 10:23h"},"level":"info"}
{"message":{"email":"admin@gafio.com","type":"login","date":"dia 27 de maio às 10:25h"},"level":"info"}
{"message":{"email":"admin@gafio.com","type":"login","date":"dia 27 de maio às 10:37h"},"level":"info"}
{"message":{"email":"admin@gafio.com","type":"login","date":"dia 27 de maio às 10:38h"},"level":"info"}
